[19:18:37] [INIT] KubeJS 2101.7.1-build.181; MC 2101 NeoForge
[19:18:37] [INIT] Loaded plugins:
[19:18:37] [INIT] - dev.latvian.mods.kubejs.BuiltinKubeJSPlugin
[19:18:37] [INIT] - dev.latvian.mods.kubejs.integration.architectury.ArchitecturyIntegration
[19:18:37] [INIT] - com.klikli_dev.theurgykubejs.kubejs.TheurgyKubeJSPlugin
[19:18:37] [INIT] - dev.ftb.mods.ftbxmodcompat.neoforge.ftbquests.kubejs.FTBQuestsKubeJSPlugin
[19:18:37] [INIT] - dev.ftb.mods.ftbxmodcompat.neoforge.ftbchunks.kubejs.FTBChunksKubeJSPlugin
[19:18:37] [INIT] - dev.ftb.mods.ftbxmodcompat.neoforge.ftbteams.kubejs.FTBTeamsKubeJSPlugin
[19:18:37] [INIT] - dev.ftb.mods.ftbxmodcompat.neoforge.ftbfiltersystem.kubejs.FFSKubeJSPlugin
[19:18:37] [INIT] - com.klikli_dev.occultism_kubejs.KubeJSOccultismPlugin
[19:18:37] [INIT] - es.degrassi.mmreborn.common.integration.kubejs.MMRKubeJSPlugin
[19:18:37] [INIT] - es.degrassi.mmreborn.mekanism.common.integration.kubejs.MMRKubeJSPlugin
[19:18:37] [INIT] - com.glodblock.github.extendedae.xmod.kjs.KJSPlugin
[19:18:37] [INIT] - aztech.modern_industrialization.compat.kubejs.MIKubeJSPlugin
[19:18:40] [INFO] Loaded script startup_scripts:Potionsmaster/potionsmaster.js in 0.291 s
[19:18:40] [INFO] Loaded script startup_scripts:Applied Energistics/Universal_Press.js in 0.001 s
[19:18:40] [INFO] startup_scripts:CustomAdditions.js#4: Loaded Java class 'net.minecraft.core.registries.BuiltInRegistries'
[19:18:40] [INFO] Loaded script startup_scripts:CustomAdditions.js in 0.026 s
[19:18:40] [INFO] Loaded script startup_scripts:ExtendedAE/InfinityCells.js in 0.021 s
[19:18:40] [INFO] Loaded script startup_scripts:Farmer's Delight/Compatibility.js in 0.006 s
[19:18:40] [INFO] startup_scripts:hyperbox/hyperbox.js#1: Loaded Java class 'net.neoforged.neoforge.event.entity.player.PlayerEvent$PlayerChangedDimensionEvent'
[19:18:40] [INFO] Loaded script startup_scripts:hyperbox/hyperbox.js in 0.028 s
[19:18:40] [INFO] startup_scripts:Mekanism/Compatibility.js#18: Loaded Java class 'mekanism.api.chemical.Chemical'
[19:18:40] [INFO] startup_scripts:Mekanism/Compatibility.js#19: Loaded Java class 'mekanism.api.chemical.ChemicalBuilder'
[19:18:40] [INFO] Loaded script startup_scripts:Mekanism/Compatibility.js in 0.035 s
[19:18:40] [INFO] Loaded script startup_scripts:Modern-Industrialization/atm_stuff.js in 0.006 s
[19:18:40] [INFO] startup_scripts:Shrink/polylib_fix.js#1: Loaded Java class 'net.creeperhost.polylib.init.DataComps'
[19:18:40] [INFO] Loaded script startup_scripts:Shrink/polylib_fix.js in 0.005 s
[19:18:40] [INFO] Loaded script startup_scripts:Theurgy/SulfurAdditions.js in 0.004 s
[19:18:40] [INFO] Loaded script startup_scripts:Xycraft/Compatibility.js in 0.0 s
[19:18:40] [INFO] Loaded 11/11 KubeJS startup scripts in 2.64 s with 0 errors and 0 warnings
