[19:44:02.896] [INFO]: Loading config 'startup.json'.
[19:44:42.864] [INFO]: Loaded plugins: almostunified:common, almostunified:neoforge
[19:45:10.681] [WARN]: Reload detected. Reconstructing runtime.
[19:45:10.685] [INFO]: Loading config 'debug.json'.
[19:45:10.695] [INFO]: Loading config 'placeholders.json'.
[19:45:10.706] [INFO]: Loading config 'tags.json'.
[19:45:10.780] [WARN]: The following mods are used in unification settings, but are not loaded: [biggerreactors]
[19:45:10.879] [ERROR]: forbidden_arcanus:stella_arcanum is bound to multiple stone variant tags: TagKey[minecraft:item / c:ores_in_ground/stone] and TagKey[minecraft:item / c:ores_in_ground/deepslate]
[19:45:10.881] [ERROR]: forbidden_arcanus:stella_arcanum is bound to multiple stone variant tags: TagKey[minecraft:block / c:ores_in_ground/stone] and TagKey[minecraft:block / c:ores_in_ground/deepslate]
[19:45:10.899] [INFO]: [AutoHiding] Hiding 1/2 items for tag '#c:rods/bronze' -> [modern_industrialization:bronze_rod]
[19:45:10.900] [INFO]: [AutoHiding] Hiding 2/3 items for tag '#c:rods/copper' -> [createaddition:copper_rod, modern_industrialization:copper_rod]
[19:45:10.904] [INFO]: [AutoHiding] Hiding 2/3 items for tag '#c:plates/invar' -> [railcraft:invar_plate, modern_industrialization:invar_plate]
[19:45:10.911] [INFO]: [AutoHiding] Hiding 3/4 items for tag '#c:nuggets/electrum' -> [modern_industrialization:electrum_nugget, immersiveengineering:nugget_electrum, createaddition:electrum_nugget]
[19:45:10.920] [INFO]: [AutoHiding] Hiding 2/3 items for tag '#c:rods/gold' -> [createaddition:gold_rod, modern_industrialization:gold_rod]
[19:45:10.927] [INFO]: [AutoHiding] Hiding 3/4 items for tag '#c:storage_blocks/uranium' -> [immersiveengineering:storage_uranium, mekanism:block_uranium, modern_industrialization:uranium_block]
[19:45:10.942] [INFO]: [AutoHiding] Hiding 6/8 items for tag '#c:ores/redstone' -> [eternal_starlight:haze_ice_redstone_ore, eternal_starlight:voidstone_redstone_ore, eternal_starlight:grimstone_redstone_ore, eternal_starlight:eternal_ice_redstone_ore, deeperdarker:sculk_stone_redstone_ore, deeperdarker:gloomslate_redstone_ore]
[19:45:10.965] [INFO]: [AutoHiding] Hiding 3/4 items for tag '#c:nuggets/aluminum' -> [modern_industrialization:aluminum_nugget, immersiveengineering:nugget_aluminum, xycraft_world:aluminum_nugget]
[19:45:10.969] [INFO]: [AutoHiding] Hiding 3/4 items for tag '#c:storage_blocks/raw_lead' -> [immersiveengineering:raw_block_lead, mekanism:block_raw_lead, modern_industrialization:raw_lead_block]
[19:45:10.976] [INFO]: [AutoHiding] Hiding 1/2 items for tag '#c:gears/aluminum' -> [modern_industrialization:aluminum_gear]
[19:45:10.990] [INFO]: [AutoHiding] Hiding 3/4 items for tag '#c:storage_blocks/tin' -> [modern_industrialization:tin_block, railcraft:tin_block, mekanism:block_tin]
[19:45:11.001] [INFO]: [AutoHiding] Hiding 1/2 items for tag '#c:dusts/constantan' -> [immersiveengineering:dust_constantan]
[19:45:11.003] [INFO]: [AutoHiding] Hiding 1/2 items for tag '#c:dirty_dusts/gold' -> [mekanism:dirty_dust_gold]
[19:45:11.005] [INFO]: [AutoHiding] Hiding 3/7 items for tag '#c:ores/sulfur' -> [alltheores:other_sulfur_ore, railcraft:deepslate_sulfur_ore, railcraft:sulfur_ore]
[19:45:11.005] [INFO]: [AutoHiding] Hiding 3/4 items for tag '#c:dusts/lapis' -> [enderio:powdered_lapis_lazuli, modern_industrialization:lapis_dust, occultism:lapis_dust]
[19:45:11.012] [INFO]: [AutoHiding] Hiding 1/2 items for tag '#c:dusts/iridium' -> [modern_industrialization:iridium_dust]
[19:45:11.016] [INFO]: [AutoHiding] Hiding 4/5 items for tag '#c:gears/iron' -> [industrialforegoing:iron_gear, modern_industrialization:iron_gear, enderio:iron_gear, railcraft:iron_gear]
[19:45:11.017] [INFO]: [AutoHiding] Hiding 1/2 items for tag '#c:dusts/invar' -> [modern_industrialization:invar_dust]
[19:45:11.018] [INFO]: [AutoHiding] Hiding 5/9 items for tag '#c:ores/zinc' -> [create:deepslate_zinc_ore, railcraft:zinc_ore, alltheores:other_zinc_ore, railcraft:deepslate_zinc_ore, create:zinc_ore]
[19:45:11.018] [INFO]: [AutoHiding] Hiding 1/2 items for tag '#c:plates/iridium' -> [modern_industrialization:iridium_plate]
[19:45:11.019] [INFO]: [AutoHiding] Hiding 3/4 items for tag '#c:ingots/tin' -> [railcraft:tin_ingot, mekanism:ingot_tin, modern_industrialization:tin_ingot]
[19:45:11.019] [INFO]: [AutoHiding] Hiding 2/3 items for tag '#c:rods/steel' -> [modern_industrialization:steel_rod, immersiveengineering:stick_steel]
[19:45:11.021] [INFO]: [AutoHiding] Hiding 1/2 items for tag '#c:nuggets/constantan' -> [immersiveengineering:nugget_constantan]
[19:45:11.022] [INFO]: [AutoHiding] Hiding 4/5 items for tag '#c:raw_materials/lead' -> [mekanism:raw_lead, modern_industrialization:raw_lead, immersiveengineering:raw_lead, railcraft:lead_raw]
[19:45:11.045] [INFO]: [AutoHiding] Hiding 3/4 items for tag '#c:nuggets/tin' -> [mekanism:nugget_tin, modern_industrialization:tin_nugget, railcraft:tin_nugget]
[19:45:11.049] [INFO]: [AutoHiding] Hiding 4/5 items for tag '#c:ingots/silver' -> [modern_industrialization:silver_ingot, railcraft:silver_ingot, occultism:silver_ingot, immersiveengineering:ingot_silver]
[19:45:11.049] [INFO]: [AutoHiding] Hiding 3/4 items for tag '#c:dusts/tin' -> [mekanism:dust_tin, enderio:powdered_tin, modern_industrialization:tin_dust]
[19:45:11.050] [INFO]: [AutoHiding] Hiding 1/2 items for tag '#c:crystals/gold' -> [mekanism:crystal_gold]
[19:45:11.050] [INFO]: [AutoHiding] Hiding 1/2 items for tag '#c:gears/zinc' -> [railcraft:zinc_gear]
[19:45:11.050] [INFO]: [AutoHiding] Hiding 1/2 items for tag '#c:plates/platinum' -> [modern_industrialization:platinum_plate]
[19:45:11.054] [INFO]: [AutoHiding] Hiding 5/6 items for tag '#c:plates/iron' -> [xycraft_machines:iron_sheet, modern_industrialization:iron_plate, railcraft:iron_plate, create:iron_sheet, immersiveengineering:plate_iron]
[19:45:11.057] [INFO]: [AutoHiding] Hiding 2/3 items for tag '#c:nuggets/brass' -> [create:brass_nugget, railcraft:brass_nugget]
[19:45:11.060] [INFO]: [AutoHiding] Hiding 1/2 items for tag '#c:dusts/osmium' -> [mekanism:dust_osmium]
[19:45:11.083] [INFO]: [AutoHiding] Hiding 1/2 items for tag '#c:storage_blocks/raw_platinum' -> [modern_industrialization:raw_platinum_block]
[19:45:11.088] [INFO]: [AutoHiding] Hiding 2/6 items for tag '#c:ores/platinum' -> [modern_industrialization:platinum_ore, alltheores:other_platinum_ore]
[19:45:11.090] [INFO]: [AutoHiding] Hiding 1/2 items for tag '#c:storage_blocks/raw_zinc' -> [create:raw_zinc_block]
[19:45:11.094] [INFO]: [AutoHiding] Hiding 2/3 items for tag '#c:dusts/nickel' -> [immersiveengineering:dust_nickel, modern_industrialization:nickel_dust]
[19:45:11.095] [INFO]: [AutoHiding] Hiding 1/2 items for tag '#c:storage_blocks/iridium' -> [modern_industrialization:iridium_block]
[19:45:11.097] [INFO]: [AutoHiding] Hiding 1/2 items for tag '#c:clumps/lead' -> [mekanism:clump_lead]
[19:45:11.097] [INFO]: [AutoHiding] Hiding 2/3 items for tag '#c:ingots/invar' -> [railcraft:invar_ingot, modern_industrialization:invar_ingot]
[19:45:11.102] [INFO]: [AutoHiding] Hiding 1/2 items for tag '#c:gears/silver' -> [railcraft:silver_gear]
[19:45:11.102] [INFO]: [AutoHiding] Hiding 5/6 items for tag '#c:nuggets/copper' -> [immersiveengineering:nugget_copper, create:copper_nugget, everythingcopper:copper_nugget, modern_industrialization:copper_nugget, pneumaticcraft:copper_nugget]
[19:45:11.103] [INFO]: [AutoHiding] Hiding 2/3 items for tag '#c:gears/tin' -> [railcraft:tin_gear, modern_industrialization:tin_gear]
[19:45:11.106] [INFO]: [AutoHiding] Hiding 4/5 items for tag '#c:ingots/lead' -> [immersiveengineering:ingot_lead, mekanism:ingot_lead, modern_industrialization:lead_ingot, railcraft:lead_ingot]
[19:45:11.108] [INFO]: [AutoHiding] Hiding 4/5 items for tag '#c:dusts/obsidian' -> [enderio:powdered_obsidian, railcraft:obsidian_dust, occultism:obsidian_dust, create:powdered_obsidian]
[19:45:11.109] [INFO]: [AutoHiding] Hiding 3/4 items for tag '#c:dusts/lead' -> [immersiveengineering:dust_lead, mekanism:dust_lead, modern_industrialization:lead_dust]
[19:45:11.113] [INFO]: [AutoHiding] Hiding 3/4 items for tag '#c:storage_blocks/nickel' -> [modern_industrialization:nickel_block, railcraft:nickel_block, immersiveengineering:storage_nickel]
[19:45:11.123] [INFO]: [AutoHiding] Hiding 3/4 items for tag '#c:dusts/emerald' -> [modern_industrialization:emerald_dust, occultism:emerald_dust, appflux:emerald_dust]
[19:45:11.124] [INFO]: [AutoHiding] Hiding 3/4 items for tag '#c:nuggets/bronze' -> [railcraft:bronze_nugget, modern_industrialization:bronze_nugget, mekanism:nugget_bronze]
[19:45:11.125] [INFO]: [AutoHiding] Hiding 1/2 items for tag '#c:crystals/uranium' -> [mekanism:crystal_uranium]
[19:45:11.126] [INFO]: [AutoHiding] Hiding 2/3 items for tag '#c:raw_materials/aluminum' -> [xycraft_world:raw_aluminum, immersiveengineering:raw_aluminum]
[19:45:11.128] [INFO]: [AutoHiding] Hiding 1/2 items for tag '#c:dirty_dusts/copper' -> [mekanism:dirty_dust_copper]
[19:45:11.130] [INFO]: [AutoHiding] Hiding 5/6 items for tag '#c:plates/copper' -> [railcraft:copper_plate, modern_industrialization:copper_plate, create:copper_sheet, immersiveengineering:plate_copper, xycraft_machines:copper_sheet]
[19:45:11.136] [INFO]: [AutoHiding] Hiding 1/2 items for tag '#c:dirty_dusts/osmium' -> [mekanism:dirty_dust_osmium]
[19:45:11.148] [INFO]: [AutoHiding] Hiding 7/11 items for tag '#c:ores/tin' -> [railcraft:deepslate_tin_ore, mekanism:tin_ore, alltheores:other_tin_ore, modern_industrialization:tin_ore, railcraft:tin_ore, mekanism:deepslate_tin_ore, modern_industrialization:deepslate_tin_ore]
[19:45:11.149] [INFO]: [AutoHiding] Hiding 2/3 items for tag '#c:ingots/zinc' -> [create:zinc_ingot, railcraft:zinc_ingot]
[19:45:11.150] [INFO]: [AutoHiding] Hiding 1/2 items for tag '#c:crystals/osmium' -> [mekanism:crystal_osmium]
[19:45:11.151] [INFO]: [AutoHiding] Hiding 3/4 items for tag '#c:dusts/steel' -> [mekanism:dust_steel, immersiveengineering:dust_steel, modern_industrialization:steel_dust]
[19:45:11.151] [INFO]: [AutoHiding] Hiding 4/5 items for tag '#c:raw_materials/silver' -> [immersiveengineering:raw_silver, railcraft:silver_raw, occultism:raw_silver, modern_industrialization:raw_silver]
[19:45:11.152] [INFO]: [AutoHiding] Hiding 3/4 items for tag '#c:storage_blocks/aluminum' -> [xycraft_world:aluminum_storage, modern_industrialization:aluminum_block, immersiveengineering:storage_aluminum]
[19:45:11.152] [INFO]: [AutoHiding] Hiding 2/4 items for tag '#c:ores/lapis' -> [deeperdarker:gloomslate_lapis_ore, deeperdarker:sculk_stone_lapis_ore]
[19:45:11.153] [INFO]: [AutoHiding] Hiding 1/2 items for tag '#c:gears/lead' -> [railcraft:lead_gear]
[19:45:11.155] [INFO]: [AutoHiding] Hiding 5/6 items for tag '#c:ingots/steel' -> [railcraft:steel_ingot, mekanism:ingot_steel, immersiveengineering:ingot_steel, modern_industrialization:steel_ingot, mffs:steel_ingot]
[19:45:11.155] [INFO]: [AutoHiding] Hiding 4/6 items for tag '#c:ores/iron' -> [undergarden:shiverstone_iron_ore, undergarden:depthrock_iron_ore, deeperdarker:gloomslate_iron_ore, deeperdarker:sculk_stone_iron_ore]
[19:45:11.178] [INFO]: [AutoHiding] Hiding 2/3 items for tag '#c:storage_blocks/invar' -> [railcraft:invar_block, modern_industrialization:invar_block]
[19:45:11.191] [INFO]: [AutoHiding] Hiding 4/5 items for tag '#c:nuggets/steel' -> [mekanism:nugget_steel, railcraft:steel_nugget, modern_industrialization:steel_nugget, immersiveengineering:nugget_steel]
[19:45:11.195] [INFO]: [AutoHiding] Hiding 2/3 items for tag '#c:gears/steel' -> [railcraft:steel_gear, modern_industrialization:steel_gear]
[19:45:11.197] [INFO]: [AutoHiding] Hiding 1/2 items for tag '#c:storage_blocks/osmium' -> [mekanism:block_osmium]
[19:45:11.201] [INFO]: [AutoHiding] Hiding 3/4 items for tag '#c:nuggets/uranium' -> [immersiveengineering:nugget_uranium, mekanism:nugget_uranium, modern_industrialization:uranium_nugget]
[19:45:11.212] [INFO]: [AutoHiding] Hiding 1/2 items for tag '#c:shards/iron' -> [mekanism:shard_iron]
[19:45:11.213] [INFO]: [AutoHiding] Hiding 3/4 items for tag '#c:dusts/silver' -> [modern_industrialization:silver_dust, immersiveengineering:dust_silver, occultism:silver_dust]
[19:45:11.214] [INFO]: [AutoHiding] Hiding 1/2 items for tag '#c:crystals/iron' -> [mekanism:crystal_iron]
[19:45:11.216] [INFO]: [AutoHiding] Hiding 1/2 items for tag '#c:shards/osmium' -> [mekanism:shard_osmium]
[19:45:11.219] [INFO]: [AutoHiding] Hiding 8/12 items for tag '#c:ores/uranium' -> [bigreactors:yellorite_ore, modern_industrialization:deepslate_uranium_ore, alltheores:other_uranium_ore, mekanism:deepslate_uranium_ore, mekanism:uranium_ore, immersiveengineering:ore_uranium, modern_industrialization:uranium_ore, immersiveengineering:deepslate_ore_uranium]
[19:45:11.220] [INFO]: [AutoHiding] Hiding 2/3 items for tag '#c:plates/tin' -> [railcraft:tin_plate, modern_industrialization:tin_plate]
[19:45:11.221] [INFO]: [AutoHiding] Hiding 4/5 items for tag '#c:rods/iron' -> [modern_industrialization:iron_rod, silentgear:iron_rod, createaddition:iron_rod, immersiveengineering:stick_iron]
[19:45:11.222] [INFO]: [AutoHiding] Hiding 2/3 items for tag '#c:dusts/bronze' -> [mekanism:dust_bronze, modern_industrialization:bronze_dust]
[19:45:11.222] [INFO]: [AutoHiding] Hiding 3/4 items for tag '#c:nuggets/nickel' -> [immersiveengineering:nugget_nickel, modern_industrialization:nickel_nugget, railcraft:nickel_nugget]
[19:45:11.224] [INFO]: [AutoHiding] Hiding 1/2 items for tag '#c:dirty_dusts/iron' -> [mekanism:dirty_dust_iron]
[19:45:11.229] [INFO]: [AutoHiding] Hiding 1/2 items for tag '#c:rods/electrum' -> [createaddition:electrum_rod]
[19:45:11.230] [INFO]: [AutoHiding] Hiding 4/5 items for tag '#c:ingots/uranium' -> [immersiveengineering:ingot_uranium, modern_industrialization:uranium_ingot, bigreactors:yellorium_ingot, mekanism:ingot_uranium]
[19:45:11.231] [INFO]: [AutoHiding] Hiding 4/5 items for tag '#c:dusts/sulfur' -> [immersiveengineering:dust_sulfur, modern_industrialization:sulfur_dust, mekanism:dust_sulfur, railcraft:sulfur_dust]
[19:45:11.232] [INFO]: [AutoHiding] Hiding 1/2 items for tag '#c:rods/brass' -> [createaddition:brass_rod]
[19:45:11.232] [INFO]: [AutoHiding] Hiding 1/2 items for tag '#atm10:tiny_charcoals' -> [actuallyadditions:tiny_charcoal]
[19:45:11.233] [INFO]: [AutoHiding] Hiding 2/3 items for tag '#c:plates/brass' -> [create:brass_sheet, railcraft:brass_plate]
[19:45:11.234] [INFO]: [AutoHiding] Hiding 1/2 items for tag '#c:ingots/osmium' -> [mekanism:ingot_osmium]
[19:45:11.235] [INFO]: [AutoHiding] Hiding 1/2 items for tag '#c:nuggets/platinum' -> [modern_industrialization:platinum_nugget]
[19:45:11.236] [INFO]: [AutoHiding] Hiding 1/2 items for tag '#c:shards/gold' -> [mekanism:shard_gold]
[19:45:11.236] [INFO]: [AutoHiding] Hiding 1/2 items for tag '#c:gears/diamond' -> [industrialforegoing:diamond_gear]
[19:45:11.236] [INFO]: [AutoHiding] Hiding 5/6 items for tag '#c:dusts/iron' -> [mekanism:dust_iron, modern_industrialization:iron_dust, occultism:iron_dust, enderio:powdered_iron, immersiveengineering:dust_iron]
[19:45:11.237] [INFO]: [AutoHiding] Hiding 3/4 items for tag '#c:ingots/nickel' -> [modern_industrialization:nickel_ingot, railcraft:nickel_ingot, immersiveengineering:ingot_nickel]
[19:45:11.237] [INFO]: [AutoHiding] Hiding 4/5 items for tag '#c:nuggets/lead' -> [modern_industrialization:lead_nugget, mekanism:nugget_lead, immersiveengineering:nugget_lead, railcraft:lead_nugget]
[19:45:11.237] [INFO]: [AutoHiding] Hiding 1/2 items for tag '#c:rods/invar' -> [modern_industrialization:invar_rod]
[19:45:11.238] [INFO]: [AutoHiding] Hiding 1/2 items for tag '#c:gears/brass' -> [railcraft:brass_gear]
[19:45:11.245] [INFO]: [AutoHiding] Hiding 5/6 items for tag '#c:plates/gold' -> [create:golden_sheet, railcraft:gold_plate, immersiveengineering:plate_gold, xycraft_machines:gold_sheet, modern_industrialization:gold_plate]
[19:45:11.247] [INFO]: [AutoHiding] Hiding 4/5 items for tag '#c:storage_blocks/steel' -> [modern_industrialization:steel_block, mekanism:block_steel, railcraft:steel_block, immersiveengineering:storage_steel]
[19:45:11.248] [INFO]: [AutoHiding] Hiding 4/5 items for tag '#c:storage_blocks/silver' -> [railcraft:silver_block, occultism:silver_block, immersiveengineering:storage_silver, modern_industrialization:silver_block]
[19:45:11.248] [INFO]: [AutoHiding] Hiding 2/4 items for tag '#c:ores/copper' -> [deeperdarker:sculk_stone_copper_ore, deeperdarker:gloomslate_copper_ore]
[19:45:11.253] [INFO]: [AutoHiding] Hiding 3/4 items for tag '#c:storage_blocks/bronze' -> [railcraft:bronze_block, mekanism:block_bronze, modern_industrialization:bronze_block]
[19:45:11.269] [INFO]: [AutoHiding] Hiding 2/3 items for tag '#c:gears/invar' -> [modern_industrialization:invar_gear, railcraft:invar_gear]
[19:45:11.269] [INFO]: [AutoHiding] Hiding 4/6 items for tag '#c:ores/diamond' -> [undergarden:shiverstone_diamond_ore, deeperdarker:sculk_stone_diamond_ore, deeperdarker:gloomslate_diamond_ore, undergarden:depthrock_diamond_ore]
[19:45:11.271] [INFO]: [AutoHiding] Hiding 3/6 items for tag '#c:ores/gold' -> [undergarden:depthrock_gold_ore, deeperdarker:gloomslate_gold_ore, deeperdarker:sculk_stone_gold_ore]
[19:45:11.271] [INFO]: [AutoHiding] Hiding 1/2 items for tag '#c:dirty_dusts/tin' -> [mekanism:dirty_dust_tin]
[19:45:11.271] [INFO]: [AutoHiding] Hiding 3/7 items for tag '#c:ores/fluorite' -> [mekanism:deepslate_fluorite_ore, alltheores:other_fluorite_ore, mekanism:fluorite_ore]
[19:45:11.272] [INFO]: [AutoHiding] Hiding 1/2 items for tag '#c:storage_blocks/raw_iridium' -> [modern_industrialization:raw_iridium_block]
[19:45:11.274] [INFO]: [AutoHiding] Hiding 2/3 items for tag '#c:nuggets/zinc' -> [railcraft:zinc_nugget, create:zinc_nugget]
[19:45:11.288] [INFO]: [AutoHiding] Hiding 2/3 items for tag '#c:raw_materials/zinc' -> [create:raw_zinc, railcraft:zinc_raw]
[19:45:11.299] [INFO]: [AutoHiding] Hiding 3/4 items for tag '#c:plates/aluminum' -> [immersiveengineering:plate_aluminum, xycraft_machines:aluminum_sheet, modern_industrialization:aluminum_plate]
[19:45:11.309] [INFO]: [AutoHiding] Hiding 4/5 items for tag '#c:ingots/bronze' -> [railcraft:bronze_ingot, modern_industrialization:bronze_ingot, mekanism:ingot_bronze, silentgear:bronze_ingot]
[19:45:11.311] [INFO]: [AutoHiding] Hiding 1/2 items for tag '#atm10:tiny_coals' -> [actuallyadditions:tiny_coal]
[19:45:11.313] [INFO]: [AutoHiding] Hiding 3/7 items for tag '#c:ores/osmium' -> [mekanism:deepslate_osmium_ore, mekanism:osmium_ore, alltheores:other_osmium_ore]
[19:45:11.315] [INFO]: [AutoHiding] Hiding 1/2 items for tag '#c:raw_materials/iridium' -> [modern_industrialization:raw_iridium]
[19:45:11.316] [INFO]: [AutoHiding] Hiding 1/2 items for tag '#c:ingots/constantan' -> [immersiveengineering:ingot_constantan]
[19:45:11.318] [INFO]: [AutoHiding] Hiding 1/2 items for tag '#c:dirty_dusts/lead' -> [mekanism:dirty_dust_lead]
[19:45:11.320] [INFO]: [AutoHiding] Hiding 2/3 items for tag '#c:nuggets/invar' -> [modern_industrialization:invar_nugget, railcraft:invar_nugget]
[19:45:11.320] [INFO]: [AutoHiding] Hiding 1/2 items for tag '#c:ingots/iridium' -> [modern_industrialization:iridium_ingot]
[19:45:11.326] [INFO]: [AutoHiding] Hiding 1/2 items for tag '#c:dusts/fluorite' -> [mekanism:dust_fluorite]
[19:45:11.340] [INFO]: [AutoHiding] Hiding 2/3 items for tag '#c:ingots/brass' -> [railcraft:brass_ingot, create:brass_ingot]
[19:45:11.343] [INFO]: [AutoHiding] Hiding 2/3 items for tag '#c:gears/copper' -> [railcraft:copper_gear, modern_industrialization:copper_gear]
[19:45:11.345] [INFO]: [AutoHiding] Hiding 1/2 items for tag '#c:nuggets/osmium' -> [mekanism:nugget_osmium]
[19:45:11.347] [INFO]: [AutoHiding] Hiding 3/4 items for tag '#c:ingots/electrum' -> [createaddition:electrum_ingot, modern_industrialization:electrum_ingot, immersiveengineering:ingot_electrum]
[19:45:11.348] [INFO]: [AutoHiding] Hiding 1/2 items for tag '#c:storage_blocks/raw_osmium' -> [mekanism:block_raw_osmium]
[19:45:11.351] [INFO]: [AutoHiding] Hiding 1/2 items for tag '#c:storage_blocks/charcoal' -> [justdirethings:charcoal]
[19:45:11.353] [INFO]: [AutoHiding] Hiding 1/2 items for tag '#c:gears/nickel' -> [railcraft:nickel_gear]
[19:45:11.353] [INFO]: [AutoHiding] Hiding 1/2 items for tag '#c:crystals/lead' -> [mekanism:crystal_lead]
[19:45:11.353] [INFO]: [AutoHiding] Hiding 1/2 items for tag '#c:clumps/copper' -> [mekanism:clump_copper]
[19:45:11.353] [INFO]: [AutoHiding] Hiding 1/2 items for tag '#c:gems/sapphire' -> [irons_jewelry:sapphire]
[19:45:11.354] [INFO]: [AutoHiding] Hiding 1/2 items for tag '#c:gems/fluorite' -> [mekanism:fluorite_gem]
[19:45:11.354] [INFO]: [AutoHiding] Hiding 1/2 items for tag '#c:gears/netherite' -> [mifa:netherite_gear]
[19:45:11.355] [INFO]: [AutoHiding] Hiding 4/5 items for tag '#c:dusts/diamond' -> [appflux:diamond_dust, modern_industrialization:diamond_dust, createaddition:diamond_grit, mekanism:dust_diamond]
[19:45:11.358] [INFO]: [AutoHiding] Hiding 1/2 items for tag '#c:dusts/charcoal' -> [railcraft:charcoal_dust]
[19:45:11.358] [INFO]: [AutoHiding] Hiding 4/5 items for tag '#c:nuggets/silver' -> [occultism:silver_nugget, immersiveengineering:nugget_silver, modern_industrialization:silver_nugget, railcraft:silver_nugget]
[19:45:11.360] [INFO]: [AutoHiding] Hiding 1/2 items for tag '#c:raw_materials/osmium' -> [mekanism:raw_osmium]
[19:45:11.363] [INFO]: [AutoHiding] Hiding 1/2 items for tag '#c:shards/uranium' -> [mekanism:shard_uranium]
[19:45:11.368] [INFO]: [AutoHiding] Hiding 1/2 items for tag '#c:storage_blocks/platinum' -> [modern_industrialization:platinum_block]
[19:45:11.369] [INFO]: [AutoHiding] Hiding 3/4 items for tag '#c:raw_materials/tin' -> [mekanism:raw_tin, railcraft:tin_raw, modern_industrialization:raw_tin]
[19:45:11.369] [INFO]: [AutoHiding] Hiding 1/2 items for tag '#c:gems/peridot' -> [irons_jewelry:peridot]
[19:45:11.370] [INFO]: [AutoHiding] Hiding 5/6 items for tag '#c:dusts/gold' -> [mekanism:dust_gold, occultism:gold_dust, enderio:powdered_gold, modern_industrialization:gold_dust, immersiveengineering:dust_gold]
[19:45:11.370] [INFO]: [AutoHiding] Hiding 1/2 items for tag '#c:clumps/gold' -> [mekanism:clump_gold]
[19:45:11.370] [INFO]: [AutoHiding] Hiding 3/4 items for tag '#c:ingots/aluminum' -> [immersiveengineering:ingot_aluminum, modern_industrialization:aluminum_ingot, xycraft_world:aluminum_ingot]
[19:45:11.372] [INFO]: [AutoHiding] Hiding 3/4 items for tag '#c:dusts/netherite' -> [occultism:netherite_dust, mekanism:dust_netherite, extended_industrialization:netherite_dust]
[19:45:11.376] [INFO]: [AutoHiding] Hiding 2/3 items for tag '#c:gears/bronze' -> [modern_industrialization:bronze_gear, railcraft:bronze_gear]
[19:45:11.382] [INFO]: [AutoHiding] Hiding 1/2 items for tag '#c:storage_blocks/fluorite' -> [mekanism:block_fluorite]
[19:45:11.395] [INFO]: [AutoHiding] Hiding 3/4 items for tag '#c:raw_materials/nickel' -> [modern_industrialization:raw_nickel, immersiveengineering:raw_nickel, railcraft:nickel_raw]
[19:45:11.402] [INFO]: [AutoHiding] Hiding 2/3 items for tag '#c:storage_blocks/brass' -> [create:brass_block, railcraft:brass_block]
[19:45:11.402] [INFO]: [AutoHiding] Hiding 3/4 items for tag '#c:storage_blocks/raw_silver' -> [immersiveengineering:raw_block_silver, modern_industrialization:raw_silver_block, occultism:raw_silver_block]
[19:45:11.403] [INFO]: [AutoHiding] Hiding 1/2 items for tag '#c:clumps/tin' -> [mekanism:clump_tin]
[19:45:11.404] [INFO]: [AutoHiding] Hiding 4/5 items for tag '#c:storage_blocks/lead' -> [modern_industrialization:lead_block, immersiveengineering:storage_lead, railcraft:lead_block, mekanism:block_lead]
[19:45:11.405] [INFO]: [AutoHiding] Hiding 7/11 items for tag '#c:ores/nickel' -> [railcraft:deepslate_nickel_ore, immersiveengineering:ore_nickel, railcraft:nickel_ore, alltheores:other_nickel_ore, modern_industrialization:deepslate_nickel_ore, immersiveengineering:deepslate_ore_nickel, modern_industrialization:nickel_ore]
[19:45:11.410] [INFO]: [AutoHiding] Hiding 1/2 items for tag '#c:storage_blocks/sulfur' -> [modern_industrialization:sulfur_block]
[19:45:11.414] [INFO]: [AutoHiding] Hiding 3/4 items for tag '#c:raw_materials/uranium' -> [modern_industrialization:raw_uranium, immersiveengineering:raw_uranium, mekanism:raw_uranium]
[19:45:11.435] [INFO]: [AutoHiding] Hiding 3/4 items for tag '#c:storage_blocks/raw_uranium' -> [mekanism:block_raw_uranium, modern_industrialization:raw_uranium_block, immersiveengineering:raw_block_uranium]
[19:45:11.438] [INFO]: [AutoHiding] Hiding 1/2 items for tag '#c:plates/uranium' -> [immersiveengineering:plate_uranium]
[19:45:11.445] [INFO]: [AutoHiding] Hiding 3/4 items for tag '#c:plates/silver' -> [modern_industrialization:silver_plate, railcraft:silver_plate, immersiveengineering:plate_silver]
[19:45:11.454] [INFO]: [AutoHiding] Hiding 2/3 items for tag '#c:dusts/electrum' -> [immersiveengineering:dust_electrum, modern_industrialization:electrum_dust]
[19:45:11.456] [INFO]: [AutoHiding] Hiding 1/2 items for tag '#c:plates/diamond' -> [modern_industrialization:diamond_plate]
[19:45:11.460] [INFO]: [AutoHiding] Hiding 3/4 items for tag '#c:gears/gold' -> [railcraft:gold_gear, modern_industrialization:gold_gear, industrialforegoing:gold_gear]
[19:45:11.463] [INFO]: [AutoHiding] Hiding 3/4 items for tag '#c:dusts/coal' -> [railcraft:coal_dust, enderio:powdered_coal, modern_industrialization:coal_dust]
[19:45:11.465] [INFO]: [AutoHiding] Hiding 2/4 items for tag '#c:ores/emerald' -> [deeperdarker:sculk_stone_emerald_ore, deeperdarker:gloomslate_emerald_ore]
[19:45:11.475] [INFO]: [AutoHiding] Hiding 2/3 items for tag '#c:storage_blocks/zinc' -> [railcraft:zinc_block, create:zinc_block]
[19:45:11.479] [INFO]: [AutoHiding] Hiding 1/2 items for tag '#c:raw_materials/platinum' -> [modern_industrialization:raw_platinum]
[19:45:11.479] [INFO]: [AutoHiding] Hiding 2/3 items for tag '#c:dusts/aluminum' -> [modern_industrialization:aluminum_dust, immersiveengineering:dust_aluminum]
[19:45:11.481] [INFO]: [AutoHiding] Hiding 1/2 items for tag '#c:dirty_dusts/uranium' -> [mekanism:dirty_dust_uranium]
[19:45:11.482] [INFO]: [AutoHiding] Hiding 3/4 items for tag '#c:storage_blocks/electrum' -> [immersiveengineering:storage_electrum, modern_industrialization:electrum_block, createaddition:electrum_block]
[19:45:11.483] [INFO]: [AutoHiding] Hiding 2/3 items for tag '#c:plates/bronze' -> [railcraft:bronze_plate, modern_industrialization:bronze_plate]
[19:45:11.484] [INFO]: [AutoHiding] Hiding 3/4 items for tag '#c:plates/steel' -> [railcraft:steel_plate, immersiveengineering:plate_steel, modern_industrialization:steel_plate]
[19:45:11.485] [INFO]: [AutoHiding] Hiding 7/11 items for tag '#c:ores/silver' -> [railcraft:deepslate_silver_ore, occultism:silver_ore, immersiveengineering:ore_silver, alltheores:other_silver_ore, railcraft:silver_ore, immersiveengineering:deepslate_ore_silver, occultism:silver_ore_deepslate]
[19:45:11.485] [INFO]: [AutoHiding] Hiding 1/2 items for tag '#c:clumps/uranium' -> [mekanism:clump_uranium]
[19:45:11.486] [INFO]: [AutoHiding] Hiding 2/3 items for tag '#c:silicon' -> [enderio:silicon, refinedstorage:silicon]
[19:45:11.487] [INFO]: [AutoHiding] Hiding 2/3 items for tag '#c:storage_blocks/raw_tin' -> [modern_industrialization:raw_tin_block, mekanism:block_raw_tin]
[19:45:11.501] [INFO]: [AutoHiding] Hiding 1/2 items for tag '#c:gems/ruby' -> [irons_jewelry:ruby]
[19:45:11.501] [INFO]: [AutoHiding] Hiding 2/3 items for tag '#c:storage_blocks/raw_nickel' -> [modern_industrialization:raw_nickel_block, immersiveengineering:raw_block_nickel]
[19:45:11.502] [INFO]: [AutoHiding] Hiding 5/6 items for tag '#c:dusts/copper' -> [enderio:powdered_copper, immersiveengineering:dust_copper, mekanism:dust_copper, modern_industrialization:copper_dust, occultism:copper_dust]
[19:45:11.502] [INFO]: [AutoHiding] Hiding 1/2 items for tag '#c:rods/netherite' -> [immersiveengineering:stick_netherite]
[19:45:11.504] [INFO]: [AutoHiding] Hiding 6/10 items for tag '#c:ores/aluminum' -> [xycraft_world:aluminum_ore_stone, xycraft_world:aluminum_ore_deepslate, alltheores:other_aluminum_ore, xycraft_world:aluminum_ore_kivi, immersiveengineering:deepslate_ore_aluminum, immersiveengineering:ore_aluminum]
[19:45:11.505] [INFO]: [AutoHiding] Hiding 1/2 items for tag '#c:crystals/tin' -> [mekanism:crystal_tin]
[19:45:11.505] [INFO]: [AutoHiding] Hiding 1/2 items for tag '#c:shards/tin' -> [mekanism:shard_tin]
[19:45:11.507] [INFO]: [AutoHiding] Hiding 3/7 items for tag '#c:ores/iridium' -> [alltheores:other_iridium_ore, modern_industrialization:deepslate_iridium_ore, modern_industrialization:iridium_ore]
[19:45:11.508] [INFO]: [AutoHiding] Hiding 3/4 items for tag '#c:plates/lead' -> [modern_industrialization:lead_plate, railcraft:lead_plate, immersiveengineering:plate_lead]
[19:45:11.509] [INFO]: [AutoHiding] Hiding 3/4 items for tag '#c:dusts/uranium' -> [immersiveengineering:dust_uranium, modern_industrialization:uranium_dust, mekanism:dust_uranium]
[19:45:11.509] [INFO]: [AutoHiding] Hiding 1/2 items for tag '#c:shards/lead' -> [mekanism:shard_lead]
[19:45:11.509] [INFO]: [AutoHiding] Hiding 2/3 items for tag '#c:dusts/ender_pearl' -> [enderio:powdered_ender_pearl, railcraft:ender_dust]
[19:45:11.509] [INFO]: [AutoHiding] Hiding 1/2 items for tag '#c:nuggets/iridium' -> [modern_industrialization:iridium_nugget]
[19:45:11.510] [INFO]: [AutoHiding] Hiding 1/2 items for tag '#c:storage_blocks/constantan' -> [immersiveengineering:storage_constantan]
[19:45:11.510] [INFO]: [AutoHiding] Hiding 1/2 items for tag '#c:dusts/ruby' -> [modern_industrialization:ruby_dust]
[19:45:11.510] [INFO]: [AutoHiding] Hiding 4/6 items for tag '#c:ores/coal' -> [undergarden:depthrock_coal_ore, deeperdarker:gloomslate_coal_ore, undergarden:shiverstone_coal_ore, deeperdarker:sculk_stone_coal_ore]
[19:45:11.513] [INFO]: [AutoHiding] Hiding 1/2 items for tag '#c:shards/copper' -> [mekanism:shard_copper]
[19:45:11.514] [INFO]: [AutoHiding] Hiding 1/2 items for tag '#c:plates/constantan' -> [immersiveengineering:plate_constantan]
[19:45:11.514] [INFO]: [AutoHiding] Hiding 9/13 items for tag '#c:ores/lead' -> [modern_industrialization:deepslate_lead_ore, railcraft:deepslate_lead_ore, mekanism:lead_ore, modern_industrialization:lead_ore, alltheores:other_lead_ore, railcraft:lead_ore, immersiveengineering:ore_lead, mekanism:deepslate_lead_ore, immersiveengineering:deepslate_ore_lead]
[19:45:11.514] [INFO]: [AutoHiding] Hiding 1/2 items for tag '#c:clumps/osmium' -> [mekanism:clump_osmium]
[19:45:11.516] [INFO]: [AutoHiding] Hiding 2/3 items for tag '#c:storage_blocks/raw_aluminum' -> [immersiveengineering:raw_block_aluminum, xycraft_world:raw_aluminum_block]
[19:45:11.517] [INFO]: [AutoHiding] Hiding 2/3 items for tag '#c:rods/aluminum' -> [modern_industrialization:aluminum_rod, immersiveengineering:stick_aluminum]
[19:45:11.521] [INFO]: [AutoHiding] Hiding 1/2 items for tag '#c:dusts/platinum' -> [modern_industrialization:platinum_dust]
[19:45:11.529] [INFO]: [AutoHiding] Hiding 1/2 items for tag '#c:ingots/platinum' -> [modern_industrialization:platinum_ingot]
[19:45:11.531] [INFO]: [AutoHiding] Hiding 1/2 items for tag '#c:rods/uranium' -> [modern_industrialization:uranium_rod]
[19:45:11.531] [INFO]: [AutoHiding] Hiding 2/3 items for tag '#c:plates/zinc' -> [createaddition:zinc_sheet, railcraft:zinc_plate]
[19:45:11.532] [INFO]: [AutoHiding] Hiding 3/4 items for tag '#c:plates/nickel' -> [railcraft:nickel_plate, modern_industrialization:nickel_plate, immersiveengineering:plate_nickel]
[19:45:11.532] [INFO]: [AutoHiding] Hiding 1/2 items for tag '#c:clumps/iron' -> [mekanism:clump_iron]
[19:45:11.532] [INFO]: [AutoHiding] Hiding 1/2 items for tag '#c:crystals/copper' -> [mekanism:crystal_copper]
[19:45:11.533] [INFO]: [AutoHiding] Hiding 3/4 items for tag '#c:plates/electrum' -> [immersiveengineering:plate_electrum, createaddition:electrum_sheet, modern_industrialization:electrum_plate]
[19:45:11.533] [INFO]: [AutoHiding] Hiding 1/2 items for tag '#c:rods/tin' -> [modern_industrialization:tin_rod]
[19:45:15.087] [INFO]: Loading config 'duplicates.json'.
[19:45:15.099] [INFO]: Recipe count: 68482
[19:45:15.114] [WARN]: Could not detect recipe type for recipe 'cataclysm:blasting/ancient_metal_nugget_from_blasting', skipping.
[19:45:15.116] [WARN]: Could not detect recipe type for recipe 'cataclysm:stonecutting/end_stone_pillar_from_stonecutting', skipping.
[19:45:15.121] [WARN]: Could not detect recipe type for recipe 'bibliocraft:wood/jungle/fancy_sign', skipping.
[19:45:15.121] [WARN]: Could not detect recipe type for recipe 'bibliocraft:wood/mangrove/fancy_sign', skipping.
[19:45:15.126] [WARN]: Could not detect recipe type for recipe 'cataclysm:stonecutting/polished_end_stone_from_stonecutting', skipping.
[19:45:15.128] [WARN]: Could not detect recipe type for recipe 'cataclysm:stonecutting/obsidian_bricks_from_stonecutting', skipping.
[19:45:15.131] [WARN]: Could not detect recipe type for recipe 'bibliocraft:wood/warped/fancy_sign', skipping.
[19:45:15.134] [WARN]: Could not detect recipe type for recipe 'cataclysm:stonecutting/stone_tile_wall_from_stonecutting', skipping.
[19:45:15.138] [WARN]: Could not detect recipe type for recipe 'cataclysm:stonecutting/chiseled_purpur_block_from_stonecutting', skipping.
[19:45:15.141] [WARN]: Could not detect recipe type for recipe 'cataclysm:stonecutting/obsidian_brick_wall_from_stonecutting', skipping.
[19:45:15.145] [WARN]: Could not detect recipe type for recipe 'cataclysm:stonecutting/polished_end_stone_stairs_from_stonecutting', skipping.
[19:45:15.155] [WARN]: Could not detect recipe type for recipe 'cataclysm:stonecutting/obsidian_brick_stairs_from_stonecutting', skipping.
[19:45:15.159] [WARN]: Could not detect recipe type for recipe 'cataclysm:stonecutting/stone_tile_slab_from_stonecutting', skipping.
[19:45:15.165] [WARN]: Could not detect recipe type for recipe 'cataclysm:stonecutting/purpur_wall_from_stonecutting', skipping.
[19:45:15.171] [WARN]: Could not detect recipe type for recipe 'cataclysm:stonecutting/chiseled_stone_brick_pillar_from_stonecutting', skipping.
[19:45:15.172] [WARN]: Could not detect recipe type for recipe 'sushigocrafting:fermenting_barrel/soy', skipping.
[19:45:15.174] [WARN]: Could not detect recipe type for recipe 'cataclysm:stonecutting/chiseled_end_stone_bricks_from_stonecutting', skipping.
[19:45:15.175] [WARN]: Could not detect recipe type for recipe 'bibliocraft:wood/birch/fancy_sign', skipping.
[19:45:15.176] [WARN]: Could not detect recipe type for recipe 'cataclysm:stonecutting/frosted_stone_brick_wall_from_stonecutting', skipping.
[19:45:15.178] [WARN]: Could not detect recipe type for recipe 'cataclysm:stonecutting/stone_tile_stairs_from_stonecutting', skipping.
[19:45:15.179] [WARN]: Could not detect recipe type for recipe 'cataclysm:stonecutting/quartz_brick_wall_from_stonecutting', skipping.
[19:45:15.180] [WARN]: Could not detect recipe type for recipe 'cataclysm:stonecutting/obsidian_brick_slab_from_stonecutting', skipping.
[19:45:15.185] [WARN]: Could not detect recipe type for recipe 'cataclysm:stonecutting/polished_end_stone_slab_from_stonecutting', skipping.
[19:45:15.189] [WARN]: Could not detect recipe type for recipe 'bibliocraft:wood/bamboo/fancy_sign', skipping.
[19:45:15.191] [WARN]: Could not detect recipe type for recipe 'cataclysm:blasting/black_steel_nugget_from_blasting', skipping.
[19:45:15.193] [WARN]: Could not detect recipe type for recipe 'immersiveengineering:arc_recycling_list', skipping.
[19:45:15.194] [WARN]: Could not detect recipe type for recipe 'cataclysm:stonecutting/frosted_stone_brick_stairs_from_stonecutting', skipping.
[19:45:15.196] [WARN]: Could not detect recipe type for recipe 'bibliocraft:wood/crimson/fancy_sign', skipping.
[19:45:15.198] [WARN]: Could not detect recipe type for recipe 'cataclysm:stonecutting/chiseled_obsidian_bricks_from_stonecutting', skipping.
[19:45:15.206] [WARN]: Could not detect recipe type for recipe 'cataclysm:stonecutting/frosted_stone_brick_slab_from_stonecutting', skipping.
[19:45:15.208] [WARN]: Could not detect recipe type for recipe 'cataclysm:stonecutting/stone_tiles_from_stonecutting', skipping.
[19:45:15.209] [WARN]: Could not detect recipe type for recipe 'bibliocraft:wood/dark_oak/fancy_sign', skipping.
[19:45:15.210] [WARN]: Could not detect recipe type for recipe 'bibliocraft:wood/oak/fancy_sign', skipping.
[19:45:15.210] [WARN]: Could not detect recipe type for recipe 'cataclysm:stonecutting/stone_pillar_from_stonecutting', skipping.
[19:45:15.211] [WARN]: Could not detect recipe type for recipe 'bibliocraft:wood/cherry/fancy_sign', skipping.
[19:45:15.213] [WARN]: Could not detect recipe type for recipe 'bibliocraft:wood/spruce/fancy_sign', skipping.
[19:45:15.215] [WARN]: Could not detect recipe type for recipe 'bibliocraft:wood/acacia/fancy_sign', skipping.
[19:45:16.058] [WARN]: Could not detect crafting recipe output for recipe 'dyenamics:thermal/rockwool/amber_rockwool'.
[19:45:16.059] [WARN]: Could not detect crafting recipe output for recipe 'dyenamics:thermal/rockwool/aquamarine_rockwool'.
[19:45:16.059] [WARN]: Could not detect crafting recipe output for recipe 'dyenamics:thermal/rockwool/bubblegum_rockwool'.
[19:45:16.059] [WARN]: Could not detect crafting recipe output for recipe 'dyenamics:thermal/rockwool/cherenkov_rockwool'.
[19:45:16.060] [WARN]: Could not detect crafting recipe output for recipe 'dyenamics:thermal/rockwool/conifer_rockwool'.
[19:45:16.060] [WARN]: Could not detect crafting recipe output for recipe 'dyenamics:thermal/rockwool/fluorescent_rockwool'.
[19:45:16.060] [WARN]: Could not detect crafting recipe output for recipe 'dyenamics:thermal/rockwool/honey_rockwool'.
[19:45:16.060] [WARN]: Could not detect crafting recipe output for recipe 'dyenamics:thermal/rockwool/icy_blue_rockwool'.
[19:45:16.061] [WARN]: Could not detect crafting recipe output for recipe 'dyenamics:thermal/rockwool/lavender_rockwool'.
[19:45:16.061] [WARN]: Could not detect crafting recipe output for recipe 'dyenamics:thermal/rockwool/maroon_rockwool'.
[19:45:16.061] [WARN]: Could not detect crafting recipe output for recipe 'dyenamics:thermal/rockwool/mint_rockwool'.
[19:45:16.061] [WARN]: Could not detect crafting recipe output for recipe 'dyenamics:thermal/rockwool/navy_rockwool'.
[19:45:16.061] [WARN]: Could not detect crafting recipe output for recipe 'dyenamics:thermal/rockwool/peach_rockwool'.
[19:45:16.061] [WARN]: Could not detect crafting recipe output for recipe 'dyenamics:thermal/rockwool/persimmon_rockwool'.
[19:45:16.062] [WARN]: Could not detect crafting recipe output for recipe 'dyenamics:thermal/rockwool/rose_rockwool'.
[19:45:16.062] [WARN]: Could not detect crafting recipe output for recipe 'dyenamics:thermal/rockwool/spring_green_rockwool'.
[19:45:16.062] [WARN]: Could not detect crafting recipe output for recipe 'dyenamics:thermal/rockwool/ultramarine_rockwool'.
[19:45:16.062] [WARN]: Could not detect crafting recipe output for recipe 'dyenamics:thermal/rockwool/wine_rockwool'.
[19:45:17.329] [WARN]: Could not detect crafting recipe output for recipe 'supplementaries:sack_3'.
[19:45:20.259] [INFO]: Recipe count afterwards: 67737 (done in 5.157 s)
[19:46:11.730] [ERROR]: The following recipes were unified and threw exceptions when being loaded: [create:crushing/gloomslate_coal_ore, create:crushing/gloomslate_emerald_ore, create:crushing/sculk_stone_iron_ore, create:crushing/sculk_stone_emerald_ore, create:crushing/sculk_stone_gold_ore, create:crushing/gloomslate_iron_ore, create:crushing/sculk_stone_lapis_ore, create:crushing/sculk_stone_coal_ore, create:crushing/gloomslate_lapis_ore, create:crushing/gloomslate_redstone_ore, create:crushing/gloomslate_gold_ore, create:crushing/gloomslate_diamond_ore, create:crushing/sculk_stone_diamond_ore, create:crushing/sculk_stone_redstone_ore, create:crushing/sculk_stone_copper_ore, create:crushing/gloomslate_copper_ore]
[19:46:11.731] [WARN]: Try to add them to the ignore list and if the problem is gone, report it to the Almost Unified developers.
